<?xml version="1.0" encoding="UTF-8"?>
<testsuite xmlns:xsi="http://www.w3.org/2001/XMLSchema-instance" xsi:noNamespaceSchemaLocation="https://maven.apache.org/surefire/maven-surefire-plugin/xsd/surefire-test-report-3.0.xsd" version="3.0" name="lab1.domain.DomainModelTest" time="0.008" tests="13" errors="0" skipped="0" failures="0">
  <properties>
[...]
</properties>
  <testcase name="testDebrisCreation" classname="lab1.domain.DomainModelTest" time="0.003">
    <system-out><![CDATA[The house at Yet Another Address has been destroyed.
]]></system-out>
  </testcase>
  <testcase name="testArthurNoticing" classname="lab1.domain.DomainModelTest" time="0.0"/>
  <testcase name="testBulldozerDestroyHouse" classname="lab1.domain.DomainModelTest" time="0.0">
    <system-out><![CDATA[The house at Another Address has been destroyed.
The bulldozer destroyed the house.
The house is already destroyed.
]]></system-out>
  </testcase>
  <testcase name="testHouseCreationAndDestruction" classname="lab1.domain.DomainModelTest" time="0.001">
    <system-out><![CDATA[The house at 123 Main St has been destroyed.
]]></system-out>
  </testcase>
  <testcase name="testFullScenario" classname="lab1.domain.DomainModelTest" time="0.0">
    <system-out><![CDATA[Arthur is running to his house.
It's getting cold.
The wind is picking up.
It's starting to rain.
Arthur is starting to notice the bad weather.
The house at 123 Main St has been destroyed.
The bulldozer destroyed the house.
Arthur is shocked by the destruction of his house!
The bulldozer is moving over the debris.
]]></system-out>
  </testcase>
  <testcase name="testHouseContents" classname="lab1.domain.DomainModelTest" time="0.0"/>
  <testcase name="testArthurReactToWeather" classname="lab1.domain.DomainModelTest" time="0.0">
    <system-out><![CDATA[It's getting cold.
Arthur is starting to notice the bad weather.
It's getting cold.
The wind is picking up.
Arthur is starting to notice the bad weather.
The wind is picking up.
It's starting to rain.
Arthur is starting to notice the bad weather.
]]></system-out>
  </testcase>
  <testcase name="testArthurRunToHouse" classname="lab1.domain.DomainModelTest" time="0.001">
    <system-out><![CDATA[Arthur is running to his house.
]]></system-out>
  </testcase>
  <testcase name="testWeatherSettersAndGetters" classname="lab1.domain.DomainModelTest" time="0.0">
    <system-out><![CDATA[It's getting cold.
The wind is picking up.
It's starting to rain.
]]></system-out>
  </testcase>
  <testcase name="testArthurReactToHouseDestruction" classname="lab1.domain.DomainModelTest" time="0.001">
    <system-out><![CDATA[Arthur is shocked by the destruction of his house!
]]></system-out>
  </testcase>
  <testcase name="testDestroyAlreadyDestroyedHouse" classname="lab1.domain.DomainModelTest" time="0.0">
    <system-out><![CDATA[The house at Test has been destroyed.
]]></system-out>
  </testcase>
  <testcase name="testWeatherConstructor" classname="lab1.domain.DomainModelTest" time="0.0"/>
  <testcase name="testBulldozerMoveOverDebris" classname="lab1.domain.DomainModelTest" time="0.001">
    <system-out><![CDATA[The house at Some Address has been destroyed.
The bulldozer is moving over the debris.
]]></system-out>
  </testcase>
</testsuite>