<?xml version="1.0" encoding="UTF-8"?>
<testsuite xmlns:xsi="http://www.w3.org/2001/XMLSchema-instance" xsi:noNamespaceSchemaLocation="https://maven.apache.org/surefire/maven-surefire-plugin/xsd/surefire-test-report-3.0.xsd" version="3.0" name="lab1.SecantTest" time="0.033" tests="54" errors="0" skipped="0" failures="0">
  <properties>
[...]
</properties>
  <testcase name="testPeriodicity[sec(0, terms=10) (delta=0, nearAsymptote=false)]" classname="lab1.SecantTest" time="0.001"/>
  <testcase name="testExactAsymptotes[sec(0, terms=10) (delta=0, nearAsymptote=false)]" classname="lab1.SecantTest" time="0.006"/>
  <testcase name="testSecant[sec(0, terms=10) (delta=0, nearAsymptote=false)]" classname="lab1.SecantTest" time="0.003"/>
  <testcase name="testPeriodicity[sec(0.785, terms=50) (delta=0, nearAsymptote=false)]" classname="lab1.SecantTest" time="0.0"/>
  <testcase name="testExactAsymptotes[sec(0.785, terms=50) (delta=0, nearAsymptote=false)]" classname="lab1.SecantTest" time="0.001"/>
  <testcase name="testSecant[sec(0.785, terms=50) (delta=0, nearAsymptote=false)]" classname="lab1.SecantTest" time="0.0"/>
  <testcase name="testPeriodicity[sec(-0.785, terms=50) (delta=0, nearAsymptote=false)]" classname="lab1.SecantTest" time="0.001"/>
  <testcase name="testExactAsymptotes[sec(-0.785, terms=50) (delta=0, nearAsymptote=false)]" classname="lab1.SecantTest" time="0.0"/>
  <testcase name="testSecant[sec(-0.785, terms=50) (delta=0, nearAsymptote=false)]" classname="lab1.SecantTest" time="0.0"/>
  <testcase name="testPeriodicity[sec(1.047, terms=15) (delta=0, nearAsymptote=false)]" classname="lab1.SecantTest" time="0.001"/>
  <testcase name="testExactAsymptotes[sec(1.047, terms=15) (delta=0, nearAsymptote=false)]" classname="lab1.SecantTest" time="0.0"/>
  <testcase name="testSecant[sec(1.047, terms=15) (delta=0, nearAsymptote=false)]" classname="lab1.SecantTest" time="0.0"/>
  <testcase name="testPeriodicity[sec(1.571, terms=200) (delta=0, nearAsymptote=true)]" classname="lab1.SecantTest" time="0.0"/>
  <testcase name="testPeriodicity[sec(1.571, terms=200) (delta=0, nearAsymptote=true)]" classname="lab1.SecantTest" time="0.0"/>
  <testcase name="testExactAsymptotes[sec(1.571, terms=200) (delta=0, nearAsymptote=true)]" classname="lab1.SecantTest" time="0.0"/>
  <testcase name="testExactAsymptotes[sec(1.571, terms=200) (delta=0, nearAsymptote=true)]" classname="lab1.SecantTest" time="0.0"/>
  <testcase name="testSecant[sec(1.571, terms=200) (delta=0, nearAsymptote=true)]" classname="lab1.SecantTest" time="0.0"/>
  <testcase name="testSecant[sec(1.571, terms=200) (delta=0, nearAsymptote=true)]" classname="lab1.SecantTest" time="0.0"/>
  <testcase name="testPeriodicity[sec(4.712, terms=200) (delta=0, nearAsymptote=true)]" classname="lab1.SecantTest" time="0.0"/>
  <testcase name="testPeriodicity[sec(4.712, terms=200) (delta=0, nearAsymptote=true)]" classname="lab1.SecantTest" time="0.001"/>
  <testcase name="testExactAsymptotes[sec(4.712, terms=200) (delta=0, nearAsymptote=true)]" classname="lab1.SecantTest" time="0.0"/>
  <testcase name="testExactAsymptotes[sec(4.712, terms=200) (delta=0, nearAsymptote=true)]" classname="lab1.SecantTest" time="0.0"/>
  <testcase name="testSecant[sec(4.712, terms=200) (delta=0, nearAsymptote=true)]" classname="lab1.SecantTest" time="0.0"/>
  <testcase name="testSecant[sec(4.712, terms=200) (delta=0, nearAsymptote=true)]" classname="lab1.SecantTest" time="0.0"/>
  <testcase name="testPeriodicity[sec(1, terms=50) (delta=0, nearAsymptote=false)]" classname="lab1.SecantTest" time="0.0"/>
  <testcase name="testExactAsymptotes[sec(1, terms=50) (delta=0, nearAsymptote=false)]" classname="lab1.SecantTest" time="0.0"/>
  <testcase name="testSecant[sec(1, terms=50) (delta=0, nearAsymptote=false)]" classname="lab1.SecantTest" time="0.0"/>
  <testcase name="testPeriodicity[sec(2, terms=50) (delta=0, nearAsymptote=false)]" classname="lab1.SecantTest" time="0.0"/>
  <testcase name="testExactAsymptotes[sec(2, terms=50) (delta=0, nearAsymptote=false)]" classname="lab1.SecantTest" time="0.001"/>
  <testcase name="testSecant[sec(2, terms=50) (delta=0, nearAsymptote=false)]" classname="lab1.SecantTest" time="0.0"/>
  <testcase name="testPeriodicity[sec(4, terms=50) (delta=0, nearAsymptote=false)]" classname="lab1.SecantTest" time="0.0"/>
  <testcase name="testExactAsymptotes[sec(4, terms=50) (delta=0, nearAsymptote=false)]" classname="lab1.SecantTest" time="0.0"/>
  <testcase name="testSecant[sec(4, terms=50) (delta=0, nearAsymptote=false)]" classname="lab1.SecantTest" time="0.0"/>
  <testcase name="testPeriodicity[sec(3.142, terms=50) (delta=0, nearAsymptote=false)]" classname="lab1.SecantTest" time="0.0"/>
  <testcase name="testExactAsymptotes[sec(3.142, terms=50) (delta=0, nearAsymptote=false)]" classname="lab1.SecantTest" time="0.0"/>
  <testcase name="testSecant[sec(3.142, terms=50) (delta=0, nearAsymptote=false)]" classname="lab1.SecantTest" time="0.0"/>
  <testcase name="testPeriodicity[sec(6.283, terms=50) (delta=0, nearAsymptote=false)]" classname="lab1.SecantTest" time="0.0"/>
  <testcase name="testExactAsymptotes[sec(6.283, terms=50) (delta=0, nearAsymptote=false)]" classname="lab1.SecantTest" time="0.001"/>
  <testcase name="testSecant[sec(6.283, terms=50) (delta=0, nearAsymptote=false)]" classname="lab1.SecantTest" time="0.0"/>
  <testcase name="testPeriodicity[sec(-1.57, terms=200) (delta=0, nearAsymptote=false)]" classname="lab1.SecantTest" time="0.0"/>
  <testcase name="testExactAsymptotes[sec(-1.57, terms=200) (delta=0, nearAsymptote=false)]" classname="lab1.SecantTest" time="0.0"/>
  <testcase name="testSecant[sec(-1.57, terms=200) (delta=0, nearAsymptote=false)]" classname="lab1.SecantTest" time="0.0"/>
  <testcase name="testPeriodicity[sec(1,000, terms=50) (delta=0, nearAsymptote=false)]" classname="lab1.SecantTest" time="0.0"/>
  <testcase name="testExactAsymptotes[sec(1,000, terms=50) (delta=0, nearAsymptote=false)]" classname="lab1.SecantTest" time="0.0"/>
  <testcase name="testSecant[sec(1,000, terms=50) (delta=0, nearAsymptote=false)]" classname="lab1.SecantTest" time="0.001"/>
  <testcase name="testPeriodicity[sec(-1,000, terms=50) (delta=0, nearAsymptote=false)]" classname="lab1.SecantTest" time="0.0"/>
  <testcase name="testExactAsymptotes[sec(-1,000, terms=50) (delta=0, nearAsymptote=false)]" classname="lab1.SecantTest" time="0.0"/>
  <testcase name="testSecant[sec(-1,000, terms=50) (delta=0, nearAsymptote=false)]" classname="lab1.SecantTest" time="0.001"/>
  <testcase name="testPeriodicity[sec(1.571, terms=200) (delta=0, nearAsymptote=false)]" classname="lab1.SecantTest" time="0.0"/>
  <testcase name="testExactAsymptotes[sec(1.571, terms=200) (delta=0, nearAsymptote=false)]" classname="lab1.SecantTest" time="0.0"/>
  <testcase name="testSecant[sec(1.571, terms=200) (delta=0, nearAsymptote=false)]" classname="lab1.SecantTest" time="0.0"/>
  <testcase name="testPeriodicity[sec(4.713, terms=200) (delta=0, nearAsymptote=false)]" classname="lab1.SecantTest" time="0.0"/>
  <testcase name="testExactAsymptotes[sec(4.713, terms=200) (delta=0, nearAsymptote=false)]" classname="lab1.SecantTest" time="0.0"/>
  <testcase name="testSecant[sec(4.713, terms=200) (delta=0, nearAsymptote=false)]" classname="lab1.SecantTest" time="0.0"/>
</testsuite>